# JRE version: OpenJDK Runtime Environment (8.0_265-b01) (build 1.8.0_265-b01)
# Java VM: OpenJDK 64-Bit Server VM (25.265-b01 mixed mode windows-amd64 compressed oops)
Heap:
 PSYoungGen      total 71680K, used 2588K [0x00000000d5f80000, 0x00000000dfe80000, 0x0000000100000000)
  eden space 66560K, 3% used [0x00000000d5f80000,0x00000000d62071a0,0x00000000da080000)
  from space 5120K, 0% used [0x00000000da080000,0x00000000da080000,0x00000000da580000)
  to   space 14848K, 0% used [0x00000000df000000,0x00000000df000000,0x00000000dfe80000)
 ParOldGen       total 81408K, used 23531K [0x0000000081e00000, 0x0000000086d80000, 0x00000000d5f80000)
  object space 81408K, 28% used [0x0000000081e00000,0x00000000834fae08,0x0000000086d80000)
 Metaspace       used 21155K, capacity 21402K, committed 21504K, reserved 1069056K
  class space    used 2666K, capacity 2749K, committed 2816K, reserved 1048576K
GC Heap History (10 events):
Event: 1.732 GC heap before
{Heap before GC invocations=2 (full 0):
 PSYoungGen      total 38400K, used 38373K [0x00000000d5f80000, 0x00000000d8a00000, 0x0000000100000000)
  eden space 33280K, 100% used [0x00000000d5f80000,0x00000000d8000000,0x00000000d8000000)
  from space 5120K, 99% used [0x00000000d8000000,0x00000000d84f9458,0x00000000d8500000)
  to   space 5120K, 0% used [0x00000000d8500000,0x00000000d8500000,0x00000000d8a00000)
 ParOldGen       total 87552K, used 1643K [0x0000000081e00000, 0x0000000087380000, 0x00000000d5f80000)
  object space 87552K, 1% used [0x0000000081e00000,0x0000000081f9af10,0x0000000087380000)
 Metaspace       used 8488K, capacity 8604K, committed 8832K, reserved 1056768K
  class space    used 1018K, capacity 1076K, committed 1152K, reserved 1048576K
Event: 1.747 GC heap after
Heap after GC invocations=2 (full 0):
 PSYoungGen      total 38400K, used 5112K [0x00000000d5f80000, 0x00000000daa80000, 0x0000000100000000)
  eden space 33280K, 0% used [0x00000000d5f80000,0x00000000d5f80000,0x00000000d8000000)
  from space 5120K, 99% used [0x00000000d8500000,0x00000000d89fe390,0x00000000d8a00000)
  to   space 5120K, 0% used [0x00000000d8000000,0x00000000d8000000,0x00000000d8500000)
 ParOldGen       total 87552K, used 10936K [0x0000000081e00000, 0x0000000087380000, 0x00000000d5f80000)
  object space 87552K, 12% used [0x0000000081e00000,0x00000000828ae0a8,0x0000000087380000)
 Metaspace       used 8488K, capacity 8604K, committed 8832K, reserved 1056768K
  class space    used 1018K, capacity 1076K, committed 1152K, reserved 1048576K
}
Event: 2.340 GC heap before
{Heap before GC invocations=3 (full 0):
 PSYoungGen      total 38400K, used 38392K [0x00000000d5f80000, 0x00000000daa80000, 0x0000000100000000)
  eden space 33280K, 100% used [0x00000000d5f80000,0x00000000d8000000,0x00000000d8000000)
  from space 5120K, 99% used [0x00000000d8500000,0x00000000d89fe390,0x00000000d8a00000)
  to   space 5120K, 0% used [0x00000000d8000000,0x00000000d8000000,0x00000000d8500000)
 ParOldGen       total 87552K, used 10936K [0x0000000081e00000, 0x0000000087380000, 0x00000000d5f80000)
  object space 87552K, 12% used [0x0000000081e00000,0x00000000828ae0a8,0x0000000087380000)
 Metaspace       used 11971K, capacity 12072K, committed 12288K, reserved 1060864K
  class space    used 1500K, capacity 1526K, committed 1536K, reserved 1048576K
Event: 2.350 GC heap after
Heap after GC invocations=3 (full 0):
 PSYoungGen      total 38400K, used 5090K [0x00000000d5f80000, 0x00000000daa80000, 0x0000000100000000)
  eden space 33280K, 0% used [0x00000000d5f80000,0x00000000d5f80000,0x00000000d8000000)
  from space 5120K, 99% used [0x00000000d8000000,0x00000000d84f8ab0,0x00000000d8500000)
  to   space 5120K, 0% used [0x00000000da580000,0x00000000da580000,0x00000000daa80000)
 ParOldGen       total 87552K, used 17868K [0x0000000081e00000, 0x0000000087380000, 0x00000000d5f80000)
  object space 87552K, 20% used [0x0000000081e00000,0x0000000082f730a8,0x0000000087380000)
 Metaspace       used 11971K, capacity 12072K, committed 12288K, reserved 1060864K
  class space    used 1500K, capacity 1526K, committed 1536K, reserved 1048576K
}
Event: 2.972 GC heap before
{Heap before GC invocations=4 (full 0):
 PSYoungGen      total 38400K, used 38370K [0x00000000d5f80000, 0x00000000daa80000, 0x0000000100000000)
  eden space 33280K, 100% used [0x00000000d5f80000,0x00000000d8000000,0x00000000d8000000)
  from space 5120K, 99% used [0x00000000d8000000,0x00000000d84f8ab0,0x00000000d8500000)
  to   space 5120K, 0% used [0x00000000da580000,0x00000000da580000,0x00000000daa80000)
 ParOldGen       total 87552K, used 17868K [0x0000000081e00000, 0x0000000087380000, 0x00000000d5f80000)
  object space 87552K, 20% used [0x0000000081e00000,0x0000000082f730a8,0x0000000087380000)
 Metaspace       used 15471K, capacity 15614K, committed 15872K, reserved 1062912K
  class space    used 1985K, capacity 2015K, committed 2048K, reserved 1048576K
Event: 2.986 GC heap after
Heap after GC invocations=4 (full 0):
 PSYoungGen      total 71680K, used 5088K [0x00000000d5f80000, 0x00000000daa80000, 0x0000000100000000)
  eden space 66560K, 0% used [0x00000000d5f80000,0x00000000d5f80000,0x00000000da080000)
  from space 5120K, 99% used [0x00000000da580000,0x00000000daa78030,0x00000000daa80000)
  to   space 5120K, 0% used [0x00000000da080000,0x00000000da080000,0x00000000da580000)
 ParOldGen       total 87552K, used 24032K [0x0000000081e00000, 0x0000000087380000, 0x00000000d5f80000)
  object space 87552K, 27% used [0x0000000081e00000,0x0000000083578248,0x0000000087380000)
 Metaspace       used 15471K, capacity 15614K, committed 15872K, reserved 1062912K
  class space    used 1985K, capacity 2015K, committed 2048K, reserved 1048576K
}
Event: 5.568 GC heap before
{Heap before GC invocations=5 (full 0):
 PSYoungGen      total 71680K, used 59859K [0x00000000d5f80000, 0x00000000daa80000, 0x0000000100000000)
  eden space 66560K, 82% used [0x00000000d5f80000,0x00000000d94fcc80,0x00000000da080000)
  from space 5120K, 99% used [0x00000000da580000,0x00000000daa78030,0x00000000daa80000)
  to   space 5120K, 0% used [0x00000000da080000,0x00000000da080000,0x00000000da580000)
 ParOldGen       total 87552K, used 24032K [0x0000000081e00000, 0x0000000087380000, 0x00000000d5f80000)
  object space 87552K, 27% used [0x0000000081e00000,0x0000000083578248,0x0000000087380000)
 Metaspace       used 20870K, capacity 21114K, committed 21248K, reserved 1067008K
  class space    used 2624K, capacity 2717K, committed 2816K, reserved 1048576K
Event: 5.584 GC heap after
Heap after GC invocations=5 (full 0):
 PSYoungGen      total 71680K, used 5088K [0x00000000d5f80000, 0x00000000dfe80000, 0x0000000100000000)
  eden space 66560K, 0% used [0x00000000d5f80000,0x00000000d5f80000,0x00000000da080000)
  from space 5120K, 99% used [0x00000000da080000,0x00000000da578050,0x00000000da580000)
  to   space 14848K, 0% used [0x00000000df000000,0x00000000df000000,0x00000000dfe80000)
 ParOldGen       total 87552K, used 30511K [0x0000000081e00000, 0x0000000087380000, 0x00000000d5f80000)
  object space 87552K, 34% used [0x0000000081e00000,0x0000000083bcbc78,0x0000000087380000)
 Metaspace       used 20870K, capacity 21114K, committed 21248K, reserved 1067008K
  class space    used 2624K, capacity 2717K, committed 2816K, reserved 1048576K
}
Event: 5.584 GC heap before
{Heap before GC invocations=6 (full 1):
 PSYoungGen      total 71680K, used 5088K [0x00000000d5f80000, 0x00000000dfe80000, 0x0000000100000000)
  eden space 66560K, 0% used [0x00000000d5f80000,0x00000000d5f80000,0x00000000da080000)
  from space 5120K, 99% used [0x00000000da080000,0x00000000da578050,0x00000000da580000)
  to   space 14848K, 0% used [0x00000000df000000,0x00000000df000000,0x00000000dfe80000)
 ParOldGen       total 87552K, used 30511K [0x0000000081e00000, 0x0000000087380000, 0x00000000d5f80000)
  object space 87552K, 34% used [0x0000000081e00000,0x0000000083bcbc78,0x0000000087380000)
 Metaspace       used 20870K, capacity 21114K, committed 21248K, reserved 1067008K
  class space    used 2624K, capacity 2717K, committed 2816K, reserved 1048576K
Event: 5.652 GC heap after
Heap after GC invocations=6 (full 1):
 PSYoungGen      total 71680K, used 0K [0x00000000d5f80000, 0x00000000dfe80000, 0x0000000100000000)
  eden space 66560K, 0% used [0x00000000d5f80000,0x00000000d5f80000,0x00000000da080000)
  from space 5120K, 0% used [0x00000000da080000,0x00000000da080000,0x00000000da580000)
  to   space 14848K, 0% used [0x00000000df000000,0x00000000df000000,0x00000000dfe80000)
 ParOldGen       total 81408K, used 23531K [0x0000000081e00000, 0x0000000086d80000, 0x00000000d5f80000)
  object space 81408K, 28% used [0x0000000081e00000,0x00000000834fae08,0x0000000086d80000)
 Metaspace       used 20870K, capacity 21114K, committed 21248K, reserved 1067008K
  class space    used 2624K, capacity 2717K, committed 2816K, reserved 1048576K
}

